<?xml version="1.0" encoding="UTF-8"?>
<!-- Generated by org.testng.reporters.JUnitReportReporter -->
<testsuite hostname="LAPTOP-VM9ODTN5" failures="0" tests="2" name="testCase.Testcase01" time="15.657" errors="0" timestamp="2024-07-07T23:32:45 IST" skipped="0">
  <testcase classname="testCase.Testcase01" name="test01" time="8.641"/>
  <system-out/>
  <testcase classname="testCase.Testcase01" name="test02" time="7.016"/>
  <system-out/>
</testsuite> <!-- testCase.Testcase01 -->
