<?xml version="1.0" encoding="UTF-8"?>
<!-- Generated by org.testng.reporters.JUnitReportReporter -->
<testsuite hostname="LAPTOP-VM9ODTN5" failures="0" tests="1" name="base.Data" time="0.741" errors="0" timestamp="2024-07-10T09:17:37 IST" skipped="0">
  <testcase classname="base.Data" name="data" time="0.741"/>
  <system-out/>
</testsuite> <!-- base.Data -->
